

Started GET "/" for 127.0.0.1 at 2014-12-07 18:16:45 -0200
Processing by Rails::WelcomeController#index as HTML
  Rendered /home/luan/.rbenv/versions/2.1.4/lib/ruby/gems/2.1.0/gems/railties-4.1.7/lib/rails/templates/rails/welcome/index.html.erb (8.6ms)
Completed 200 OK in 89ms (Views: 67.3ms | ActiveRecord: 0.0ms)


Started GET "/" for 127.0.0.1 at 2015-01-05 16:09:13 -0200

ActiveRecord::PendingMigrationError (

Migrations are pending. To resolve this issue, run:

	bin/rake db:migrate RAILS_ENV=development

):
  activerecord (4.1.7) lib/active_record/migration.rb:389:in `check_pending!'
  activerecord (4.1.7) lib/active_record/migration.rb:377:in `call'
  actionpack (4.1.7) lib/action_dispatch/middleware/callbacks.rb:29:in `block in call'
  activesupport (4.1.7) lib/active_support/callbacks.rb:82:in `run_callbacks'
  actionpack (4.1.7) lib/action_dispatch/middleware/callbacks.rb:27:in `call'
  actionpack (4.1.7) lib/action_dispatch/middleware/reloader.rb:73:in `call'
  actionpack (4.1.7) lib/action_dispatch/middleware/remote_ip.rb:76:in `call'
  actionpack (4.1.7) lib/action_dispatch/middleware/debug_exceptions.rb:17:in `call'
  actionpack (4.1.7) lib/action_dispatch/middleware/show_exceptions.rb:30:in `call'
  railties (4.1.7) lib/rails/rack/logger.rb:38:in `call_app'
  railties (4.1.7) lib/rails/rack/logger.rb:20:in `block in call'
  activesupport (4.1.7) lib/active_support/tagged_logging.rb:68:in `block in tagged'
  activesupport (4.1.7) lib/active_support/tagged_logging.rb:26:in `tagged'
  activesupport (4.1.7) lib/active_support/tagged_logging.rb:68:in `tagged'
  railties (4.1.7) lib/rails/rack/logger.rb:20:in `call'
  actionpack (4.1.7) lib/action_dispatch/middleware/request_id.rb:21:in `call'
  rack (1.5.2) lib/rack/methodoverride.rb:21:in `call'
  rack (1.5.2) lib/rack/runtime.rb:17:in `call'
  activesupport (4.1.7) lib/active_support/cache/strategy/local_cache_middleware.rb:26:in `call'
  rack (1.5.2) lib/rack/lock.rb:17:in `call'
  actionpack (4.1.7) lib/action_dispatch/middleware/static.rb:84:in `call'
  rack (1.5.2) lib/rack/sendfile.rb:112:in `call'
  railties (4.1.7) lib/rails/engine.rb:514:in `call'
  railties (4.1.7) lib/rails/application.rb:144:in `call'
  rack (1.5.2) lib/rack/lock.rb:17:in `call'
  rack (1.5.2) lib/rack/content_length.rb:14:in `call'
  rack (1.5.2) lib/rack/handler/webrick.rb:60:in `service'
  /home/luan/.rbenv/versions/2.1.4/lib/ruby/2.1.0/webrick/httpserver.rb:138:in `service'
  /home/luan/.rbenv/versions/2.1.4/lib/ruby/2.1.0/webrick/httpserver.rb:94:in `run'
  /home/luan/.rbenv/versions/2.1.4/lib/ruby/2.1.0/webrick/server.rb:295:in `block in start_thread'


  Rendered /home/luan/.rbenv/versions/2.1.4/lib/ruby/gems/2.1.0/gems/actionpack-4.1.7/lib/action_dispatch/middleware/templates/rescues/_source.erb (0.6ms)
  Rendered /home/luan/.rbenv/versions/2.1.4/lib/ruby/gems/2.1.0/gems/actionpack-4.1.7/lib/action_dispatch/middleware/templates/rescues/_trace.html.erb (0.8ms)
  Rendered /home/luan/.rbenv/versions/2.1.4/lib/ruby/gems/2.1.0/gems/actionpack-4.1.7/lib/action_dispatch/middleware/templates/rescues/_request_and_response.html.erb (0.7ms)
  Rendered /home/luan/.rbenv/versions/2.1.4/lib/ruby/gems/2.1.0/gems/actionpack-4.1.7/lib/action_dispatch/middleware/templates/rescues/diagnostics.erb within rescues/layout (15.4ms)
  [1m[36m (154.6ms)[0m  [1mCREATE TABLE "schema_migrations" ("version" varchar(255) NOT NULL) [0m
  [1m[35m (0.2ms)[0m  select sqlite_version(*)
  [1m[36m (114.1ms)[0m  [1mCREATE UNIQUE INDEX "unique_schema_migrations" ON "schema_migrations" ("version")[0m
  [1m[35mActiveRecord::SchemaMigration Load (0.2ms)[0m  SELECT "schema_migrations".* FROM "schema_migrations"
Migrating to CreateRooms (20141208140352)
  [1m[36m (0.2ms)[0m  [1mbegin transaction[0m
  [1m[35m (0.5ms)[0m  CREATE TABLE "rooms" ("id" INTEGER PRIMARY KEY AUTOINCREMENT NOT NULL, "title" varchar(255), "location" varchar(255), "description" text, "created_at" datetime, "updated_at" datetime) 
  [1m[36mSQL (0.1ms)[0m  [1mINSERT INTO "schema_migrations" ("version") VALUES (?)[0m  [["version", "20141208140352"]]
  [1m[35m (230.8ms)[0m  commit transaction
  [1m[36mActiveRecord::SchemaMigration Load (0.2ms)[0m  [1mSELECT "schema_migrations".* FROM "schema_migrations"[0m


Started GET "/" for 127.0.0.1 at 2015-01-05 16:09:58 -0200
  [1m[36mActiveRecord::SchemaMigration Load (0.1ms)[0m  [1mSELECT "schema_migrations".* FROM "schema_migrations"[0m
Processing by Rails::WelcomeController#index as HTML
  Rendered /home/luan/.rbenv/versions/2.1.4/lib/ruby/gems/2.1.0/gems/railties-4.1.7/lib/rails/templates/rails/welcome/index.html.erb (1.4ms)
Completed 200 OK in 42ms (Views: 15.8ms | ActiveRecord: 0.0ms)
  [1m[36mActiveRecord::SchemaMigration Load (0.1ms)[0m  [1mSELECT "schema_migrations".* FROM "schema_migrations"[0m
  [1m[35mActiveRecord::SchemaMigration Load (0.1ms)[0m  SELECT "schema_migrations".* FROM "schema_migrations"


Started GET "/" for 127.0.0.1 at 2015-01-05 16:22:06 -0200
  [1m[36mActiveRecord::SchemaMigration Load (0.1ms)[0m  [1mSELECT "schema_migrations".* FROM "schema_migrations"[0m
Processing by Rails::WelcomeController#index as HTML
  Rendered /home/luan/.rbenv/versions/2.1.4/lib/ruby/gems/2.1.0/gems/railties-4.1.7/lib/rails/templates/rails/welcome/index.html.erb (1.2ms)
Completed 200 OK in 15ms (Views: 5.6ms | ActiveRecord: 0.0ms)


Started GET "/room" for 127.0.0.1 at 2015-01-05 16:22:26 -0200

ActionController::RoutingError (No route matches [GET] "/room"):
  actionpack (4.1.7) lib/action_dispatch/middleware/debug_exceptions.rb:21:in `call'
  actionpack (4.1.7) lib/action_dispatch/middleware/show_exceptions.rb:30:in `call'
  railties (4.1.7) lib/rails/rack/logger.rb:38:in `call_app'
  railties (4.1.7) lib/rails/rack/logger.rb:20:in `block in call'
  activesupport (4.1.7) lib/active_support/tagged_logging.rb:68:in `block in tagged'
  activesupport (4.1.7) lib/active_support/tagged_logging.rb:26:in `tagged'
  activesupport (4.1.7) lib/active_support/tagged_logging.rb:68:in `tagged'
  railties (4.1.7) lib/rails/rack/logger.rb:20:in `call'
  actionpack (4.1.7) lib/action_dispatch/middleware/request_id.rb:21:in `call'
  rack (1.5.2) lib/rack/methodoverride.rb:21:in `call'
  rack (1.5.2) lib/rack/runtime.rb:17:in `call'
  activesupport (4.1.7) lib/active_support/cache/strategy/local_cache_middleware.rb:26:in `call'
  rack (1.5.2) lib/rack/lock.rb:17:in `call'
  actionpack (4.1.7) lib/action_dispatch/middleware/static.rb:84:in `call'
  rack (1.5.2) lib/rack/sendfile.rb:112:in `call'
  railties (4.1.7) lib/rails/engine.rb:514:in `call'
  railties (4.1.7) lib/rails/application.rb:144:in `call'
  rack (1.5.2) lib/rack/lock.rb:17:in `call'
  rack (1.5.2) lib/rack/content_length.rb:14:in `call'
  rack (1.5.2) lib/rack/handler/webrick.rb:60:in `service'
  /home/luan/.rbenv/versions/2.1.4/lib/ruby/2.1.0/webrick/httpserver.rb:138:in `service'
  /home/luan/.rbenv/versions/2.1.4/lib/ruby/2.1.0/webrick/httpserver.rb:94:in `run'
  /home/luan/.rbenv/versions/2.1.4/lib/ruby/2.1.0/webrick/server.rb:295:in `block in start_thread'


  Rendered /home/luan/.rbenv/versions/2.1.4/lib/ruby/gems/2.1.0/gems/actionpack-4.1.7/lib/action_dispatch/middleware/templates/rescues/_trace.html.erb (0.7ms)
  Rendered /home/luan/.rbenv/versions/2.1.4/lib/ruby/gems/2.1.0/gems/actionpack-4.1.7/lib/action_dispatch/middleware/templates/routes/_route.html.erb (0.9ms)
  Rendered /home/luan/.rbenv/versions/2.1.4/lib/ruby/gems/2.1.0/gems/actionpack-4.1.7/lib/action_dispatch/middleware/templates/routes/_table.html.erb (34.2ms)
  Rendered /home/luan/.rbenv/versions/2.1.4/lib/ruby/gems/2.1.0/gems/actionpack-4.1.7/lib/action_dispatch/middleware/templates/rescues/routing_error.html.erb within rescues/layout (192.7ms)


Started GET "/rooms" for 127.0.0.1 at 2015-01-05 16:22:28 -0200
Processing by RoomsController#index as HTML
  [1m[35mRoom Load (0.1ms)[0m  SELECT "rooms".* FROM "rooms"
  Rendered rooms/index.html.erb within layouts/application (1.3ms)
Completed 200 OK in 814ms (Views: 793.2ms | ActiveRecord: 0.1ms)


Started GET "/assets/rooms.css?body=1" for 127.0.0.1 at 2015-01-05 16:22:29 -0200


Started GET "/assets/rooms.js?body=1" for 127.0.0.1 at 2015-01-05 16:22:29 -0200


Started GET "/assets/application.js?body=1" for 127.0.0.1 at 2015-01-05 16:22:29 -0200


Started GET "/assets/application.css?body=1" for 127.0.0.1 at 2015-01-05 16:22:29 -0200


Started GET "/assets/scaffolds.css?body=1" for 127.0.0.1 at 2015-01-05 16:22:29 -0200


Started GET "/assets/turbolinks.js?body=1" for 127.0.0.1 at 2015-01-05 16:22:29 -0200


Started GET "/assets/jquery_ujs.js?body=1" for 127.0.0.1 at 2015-01-05 16:22:29 -0200


Started GET "/assets/jquery.js?body=1" for 127.0.0.1 at 2015-01-05 16:22:29 -0200


Started GET "/rooms/new" for 127.0.0.1 at 2015-01-05 16:28:14 -0200
Processing by RoomsController#new as HTML
  Rendered rooms/_form.html.erb (77.9ms)
  Rendered rooms/new.html.erb within layouts/application (79.4ms)
Completed 200 OK in 172ms (Views: 170.6ms | ActiveRecord: 0.3ms)


Started POST "/rooms" for 127.0.0.1 at 2015-01-05 16:28:39 -0200
Processing by RoomsController#create as HTML
  Parameters: {"utf8"=>"✓", "authenticity_token"=>"N69B7NRXWjQ3NDw2Wt0CWVdstNnM8IEfzE1eDakvDJ8=", "room"=>{"title"=>"Quarto 1", "location"=>"Primeiro andar", "description"=>"Quarto com banheiro."}, "commit"=>"Create Room"}
  [1m[36m (0.1ms)[0m  [1mbegin transaction[0m
  [1m[35mSQL (0.3ms)[0m  INSERT INTO "rooms" ("created_at", "description", "location", "title", "updated_at") VALUES (?, ?, ?, ?, ?)  [["created_at", "2015-01-05 18:28:39.662999"], ["description", "Quarto com banheiro."], ["location", "Primeiro andar"], ["title", "Quarto 1"], ["updated_at", "2015-01-05 18:28:39.662999"]]
  [1m[36m (182.7ms)[0m  [1mcommit transaction[0m
Redirected to http://0.0.0.0:3000/rooms/1
Completed 302 Found in 250ms (ActiveRecord: 183.1ms)


Started GET "/rooms/1" for 127.0.0.1 at 2015-01-05 16:28:39 -0200
Processing by RoomsController#show as HTML
  Parameters: {"id"=>"1"}
  [1m[35mRoom Load (0.2ms)[0m  SELECT  "rooms".* FROM "rooms"  WHERE "rooms"."id" = ? LIMIT 1  [["id", 1]]
  Rendered rooms/show.html.erb within layouts/application (1.2ms)
Completed 200 OK in 55ms (Views: 53.6ms | ActiveRecord: 0.2ms)


Started GET "/rooms" for 127.0.0.1 at 2015-01-05 16:28:42 -0200
Processing by RoomsController#index as HTML
  [1m[36mRoom Load (0.1ms)[0m  [1mSELECT "rooms".* FROM "rooms"[0m
  Rendered rooms/index.html.erb within layouts/application (1.5ms)
Completed 200 OK in 49ms (Views: 48.8ms | ActiveRecord: 0.1ms)
  [1m[36mActiveRecord::SchemaMigration Load (0.1ms)[0m  [1mSELECT "schema_migrations".* FROM "schema_migrations"[0m
  [1m[35mActiveRecord::SchemaMigration Load (0.1ms)[0m  SELECT "schema_migrations".* FROM "schema_migrations"
Migrating to CreateRooms (20141208140352)
  [1m[36m (0.1ms)[0m  [1mbegin transaction[0m
  [1m[35m (0.3ms)[0m  DROP TABLE "rooms"
  [1m[36mSQL (0.1ms)[0m  [1mDELETE FROM "schema_migrations" WHERE "schema_migrations"."version" = '20141208140352'[0m
  [1m[35m (130.2ms)[0m  commit transaction
  [1m[36mActiveRecord::SchemaMigration Load (0.1ms)[0m  [1mSELECT "schema_migrations".* FROM "schema_migrations"[0m
  [1m[36mActiveRecord::SchemaMigration Load (0.1ms)[0m  [1mSELECT "schema_migrations".* FROM "schema_migrations"[0m
Migrating to CreateRooms (20141208140352)
  [1m[35m (0.1ms)[0m  begin transaction
  [1m[36m (0.3ms)[0m  [1mCREATE TABLE "rooms" ("id" INTEGER PRIMARY KEY AUTOINCREMENT NOT NULL, "title" varchar(255), "location" varchar(255), "description" text, "created_at" datetime, "updated_at" datetime) [0m
  [1m[35mSQL (0.2ms)[0m  INSERT INTO "schema_migrations" ("version") VALUES (?)  [["version", "20141208140352"]]
  [1m[36m (199.0ms)[0m  [1mcommit transaction[0m
  [1m[35mActiveRecord::SchemaMigration Load (0.1ms)[0m  SELECT "schema_migrations".* FROM "schema_migrations"
  [1m[36mActiveRecord::SchemaMigration Load (0.1ms)[0m  [1mSELECT "schema_migrations".* FROM "schema_migrations"[0m
Migrating to CreateUsers (20150105192836)
  [1m[35m (0.1ms)[0m  begin transaction
  [1m[36m (0.3ms)[0m  [1mCREATE TABLE "users" ("id" INTEGER PRIMARY KEY AUTOINCREMENT NOT NULL, "full_name" varchar(255), "email" varchar(255), "password" varchar(255), "location" varchar(255), "bio" text, "created_at" datetime, "updated_at" datetime) [0m
  [1m[35m (0.1ms)[0m  select sqlite_version(*)
  [1m[36m (0.2ms)[0m  [1mCREATE UNIQUE INDEX "index_users_on_email" ON "users" ("email")[0m
  [1m[35mSQL (0.1ms)[0m  INSERT INTO "schema_migrations" ("version") VALUES (?)  [["version", "20150105192836"]]
  [1m[36m (113.7ms)[0m  [1mcommit transaction[0m
  [1m[35mActiveRecord::SchemaMigration Load (0.1ms)[0m  SELECT "schema_migrations".* FROM "schema_migrations"
  [1m[36m (0.1ms)[0m  [1m            SELECT sql
            FROM sqlite_master
            WHERE name='index_users_on_email' AND type='index'
            UNION ALL
            SELECT sql
            FROM sqlite_temp_master
            WHERE name='index_users_on_email' AND type='index'
[0m
  [1m[36m (0.1ms)[0m  [1mbegin transaction[0m
  [1m[35mSQL (0.3ms)[0m  INSERT INTO "users" ("created_at", "email", "updated_at") VALUES (?, ?, ?)  [["created_at", "2015-01-05 19:35:13.221483"], ["email", "admin@example.com"], ["updated_at", "2015-01-05 19:35:13.221483"]]
  [1m[36m (140.2ms)[0m  [1mcommit transaction[0m
  [1m[36m (0.3ms)[0m  [1mbegin transaction[0m
  [1m[35m (0.1ms)[0m  rollback transaction
  [1m[36m (0.2ms)[0m  [1mbegin transaction[0m
  [1m[35mSQL (0.3ms)[0m  INSERT INTO "users" ("created_at", "email", "full_name", "location", "password", "updated_at") VALUES (?, ?, ?, ?, ?, ?)  [["created_at", "2015-01-05 19:41:55.862079"], ["email", "joao@example.com"], ["full_name", "Joao"], ["location", "São Paulo - Brasil"], ["password", "segredo"], ["updated_at", "2015-01-05 19:41:55.862079"]]
  [1m[36m (117.1ms)[0m  [1mcommit transaction[0m


Started GET "/users/new" for 127.0.0.1 at 2015-01-06 14:32:06 -0200
  [1m[35mActiveRecord::SchemaMigration Load (0.1ms)[0m  SELECT "schema_migrations".* FROM "schema_migrations"
Processing by UsersController#new as HTML
Completed 500 Internal Server Error in 284ms

ActionView::MissingTemplate (Missing template users/new, application/new with {:locale=>[:en], :formats=>[:html], :variants=>[], :handlers=>[:erb, :builder, :raw, :ruby, :coffee, :jbuilder]}. Searched in:
  * "/home/luan/www/conchonet/app/views"
):
  actionview (4.1.7) lib/action_view/path_set.rb:46:in `find'
  actionview (4.1.7) lib/action_view/lookup_context.rb:124:in `find'
  actionview (4.1.7) lib/action_view/renderer/abstract_renderer.rb:18:in `find_template'
  actionview (4.1.7) lib/action_view/renderer/template_renderer.rb:41:in `determine_template'
  actionview (4.1.7) lib/action_view/renderer/template_renderer.rb:8:in `render'
  actionview (4.1.7) lib/action_view/renderer/renderer.rb:42:in `render_template'
  actionview (4.1.7) lib/action_view/renderer/renderer.rb:23:in `render'
  actionview (4.1.7) lib/action_view/rendering.rb:99:in `_render_template'
  actionpack (4.1.7) lib/action_controller/metal/streaming.rb:217:in `_render_template'
  actionview (4.1.7) lib/action_view/rendering.rb:82:in `render_to_body'
  actionpack (4.1.7) lib/action_controller/metal/rendering.rb:32:in `render_to_body'
  actionpack (4.1.7) lib/action_controller/metal/renderers.rb:32:in `render_to_body'
  actionpack (4.1.7) lib/abstract_controller/rendering.rb:25:in `render'
  actionpack (4.1.7) lib/action_controller/metal/rendering.rb:16:in `render'
  actionpack (4.1.7) lib/action_controller/metal/instrumentation.rb:41:in `block (2 levels) in render'
  activesupport (4.1.7) lib/active_support/core_ext/benchmark.rb:12:in `block in ms'
  /home/luan/.rbenv/versions/2.1.4/lib/ruby/2.1.0/benchmark.rb:294:in `realtime'
  activesupport (4.1.7) lib/active_support/core_ext/benchmark.rb:12:in `ms'
  actionpack (4.1.7) lib/action_controller/metal/instrumentation.rb:41:in `block in render'
  actionpack (4.1.7) lib/action_controller/metal/instrumentation.rb:84:in `cleanup_view_runtime'
  activerecord (4.1.7) lib/active_record/railties/controller_runtime.rb:25:in `cleanup_view_runtime'
  actionpack (4.1.7) lib/action_controller/metal/instrumentation.rb:40:in `render'
  actionpack (4.1.7) lib/action_controller/metal/implicit_render.rb:10:in `default_render'
  actionpack (4.1.7) lib/action_controller/metal/implicit_render.rb:5:in `send_action'
  actionpack (4.1.7) lib/abstract_controller/base.rb:189:in `process_action'
  actionpack (4.1.7) lib/action_controller/metal/rendering.rb:10:in `process_action'
  actionpack (4.1.7) lib/abstract_controller/callbacks.rb:20:in `block in process_action'
  activesupport (4.1.7) lib/active_support/callbacks.rb:113:in `call'
  activesupport (4.1.7) lib/active_support/callbacks.rb:113:in `call'
  activesupport (4.1.7) lib/active_support/callbacks.rb:229:in `block in halting'
  activesupport (4.1.7) lib/active_support/callbacks.rb:229:in `call'
  activesupport (4.1.7) lib/active_support/callbacks.rb:229:in `block in halting'
  activesupport (4.1.7) lib/active_support/callbacks.rb:166:in `call'
  activesupport (4.1.7) lib/active_support/callbacks.rb:166:in `block in halting'
  activesupport (4.1.7) lib/active_support/callbacks.rb:166:in `call'
  activesupport (4.1.7) lib/active_support/callbacks.rb:166:in `block in halting'
  activesupport (4.1.7) lib/active_support/callbacks.rb:166:in `call'
  activesupport (4.1.7) lib/active_support/callbacks.rb:166:in `block in halting'
  activesupport (4.1.7) lib/active_support/callbacks.rb:86:in `call'
  activesupport (4.1.7) lib/active_support/callbacks.rb:86:in `run_callbacks'
  actionpack (4.1.7) lib/abstract_controller/callbacks.rb:19:in `process_action'
  actionpack (4.1.7) lib/action_controller/metal/rescue.rb:29:in `process_action'
  actionpack (4.1.7) lib/action_controller/metal/instrumentation.rb:31:in `block in process_action'
  activesupport (4.1.7) lib/active_support/notifications.rb:159:in `block in instrument'
  activesupport (4.1.7) lib/active_support/notifications/instrumenter.rb:20:in `instrument'
  activesupport (4.1.7) lib/active_support/notifications.rb:159:in `instrument'
  actionpack (4.1.7) lib/action_controller/metal/instrumentation.rb:30:in `process_action'
  actionpack (4.1.7) lib/action_controller/metal/params_wrapper.rb:250:in `process_action'
  activerecord (4.1.7) lib/active_record/railties/controller_runtime.rb:18:in `process_action'
  actionpack (4.1.7) lib/abstract_controller/base.rb:136:in `process'
  actionview (4.1.7) lib/action_view/rendering.rb:30:in `process'
  actionpack (4.1.7) lib/action_controller/metal.rb:196:in `dispatch'
  actionpack (4.1.7) lib/action_controller/metal/rack_delegation.rb:13:in `dispatch'
  actionpack (4.1.7) lib/action_controller/metal.rb:232:in `block in action'
  actionpack (4.1.7) lib/action_dispatch/routing/route_set.rb:82:in `call'
  actionpack (4.1.7) lib/action_dispatch/routing/route_set.rb:82:in `dispatch'
  actionpack (4.1.7) lib/action_dispatch/routing/route_set.rb:50:in `call'
  actionpack (4.1.7) lib/action_dispatch/journey/router.rb:73:in `block in call'
  actionpack (4.1.7) lib/action_dispatch/journey/router.rb:59:in `each'
  actionpack (4.1.7) lib/action_dispatch/journey/router.rb:59:in `call'
  actionpack (4.1.7) lib/action_dispatch/routing/route_set.rb:678:in `call'
  rack (1.5.2) lib/rack/etag.rb:23:in `call'
  rack (1.5.2) lib/rack/conditionalget.rb:25:in `call'
  rack (1.5.2) lib/rack/head.rb:11:in `call'
  actionpack (4.1.7) lib/action_dispatch/middleware/params_parser.rb:27:in `call'
  actionpack (4.1.7) lib/action_dispatch/middleware/flash.rb:254:in `call'
  rack (1.5.2) lib/rack/session/abstract/id.rb:225:in `context'
  rack (1.5.2) lib/rack/session/abstract/id.rb:220:in `call'
  actionpack (4.1.7) lib/action_dispatch/middleware/cookies.rb:560:in `call'
  activerecord (4.1.7) lib/active_record/query_cache.rb:36:in `call'
  activerecord (4.1.7) lib/active_record/connection_adapters/abstract/connection_pool.rb:621:in `call'
  activerecord (4.1.7) lib/active_record/migration.rb:380:in `call'
  actionpack (4.1.7) lib/action_dispatch/middleware/callbacks.rb:29:in `block in call'
  activesupport (4.1.7) lib/active_support/callbacks.rb:82:in `run_callbacks'
  actionpack (4.1.7) lib/action_dispatch/middleware/callbacks.rb:27:in `call'
  actionpack (4.1.7) lib/action_dispatch/middleware/reloader.rb:73:in `call'
  actionpack (4.1.7) lib/action_dispatch/middleware/remote_ip.rb:76:in `call'
  actionpack (4.1.7) lib/action_dispatch/middleware/debug_exceptions.rb:17:in `call'
  actionpack (4.1.7) lib/action_dispatch/middleware/show_exceptions.rb:30:in `call'
  railties (4.1.7) lib/rails/rack/logger.rb:38:in `call_app'
  railties (4.1.7) lib/rails/rack/logger.rb:20:in `block in call'
  activesupport (4.1.7) lib/active_support/tagged_logging.rb:68:in `block in tagged'
  activesupport (4.1.7) lib/active_support/tagged_logging.rb:26:in `tagged'
  activesupport (4.1.7) lib/active_support/tagged_logging.rb:68:in `tagged'
  railties (4.1.7) lib/rails/rack/logger.rb:20:in `call'
  actionpack (4.1.7) lib/action_dispatch/middleware/request_id.rb:21:in `call'
  rack (1.5.2) lib/rack/methodoverride.rb:21:in `call'
  rack (1.5.2) lib/rack/runtime.rb:17:in `call'
  activesupport (4.1.7) lib/active_support/cache/strategy/local_cache_middleware.rb:26:in `call'
  rack (1.5.2) lib/rack/lock.rb:17:in `call'
  actionpack (4.1.7) lib/action_dispatch/middleware/static.rb:84:in `call'
  rack (1.5.2) lib/rack/sendfile.rb:112:in `call'
  railties (4.1.7) lib/rails/engine.rb:514:in `call'
  railties (4.1.7) lib/rails/application.rb:144:in `call'
  rack (1.5.2) lib/rack/lock.rb:17:in `call'
  rack (1.5.2) lib/rack/content_length.rb:14:in `call'
  rack (1.5.2) lib/rack/handler/webrick.rb:60:in `service'
  /home/luan/.rbenv/versions/2.1.4/lib/ruby/2.1.0/webrick/httpserver.rb:138:in `service'
  /home/luan/.rbenv/versions/2.1.4/lib/ruby/2.1.0/webrick/httpserver.rb:94:in `run'
  /home/luan/.rbenv/versions/2.1.4/lib/ruby/2.1.0/webrick/server.rb:295:in `block in start_thread'


  Rendered /home/luan/.rbenv/versions/2.1.4/lib/ruby/gems/2.1.0/gems/actionpack-4.1.7/lib/action_dispatch/middleware/templates/rescues/missing_template.html.erb within rescues/layout (34.8ms)


Started GET "/users/new" for 127.0.0.1 at 2015-01-06 14:32:12 -0200
Processing by UsersController#new as HTML
Completed 500 Internal Server Error in 5ms

ActionView::MissingTemplate (Missing template users/new, application/new with {:locale=>[:en], :formats=>[:html], :variants=>[], :handlers=>[:erb, :builder, :raw, :ruby, :coffee, :jbuilder]}. Searched in:
  * "/home/luan/www/conchonet/app/views"
):
  actionview (4.1.7) lib/action_view/path_set.rb:46:in `find'
  actionview (4.1.7) lib/action_view/lookup_context.rb:124:in `find'
  actionview (4.1.7) lib/action_view/renderer/abstract_renderer.rb:18:in `find_template'
  actionview (4.1.7) lib/action_view/renderer/template_renderer.rb:41:in `determine_template'
  actionview (4.1.7) lib/action_view/renderer/template_renderer.rb:8:in `render'
  actionview (4.1.7) lib/action_view/renderer/renderer.rb:42:in `render_template'
  actionview (4.1.7) lib/action_view/renderer/renderer.rb:23:in `render'
  actionview (4.1.7) lib/action_view/rendering.rb:99:in `_render_template'
  actionpack (4.1.7) lib/action_controller/metal/streaming.rb:217:in `_render_template'
  actionview (4.1.7) lib/action_view/rendering.rb:82:in `render_to_body'
  actionpack (4.1.7) lib/action_controller/metal/rendering.rb:32:in `render_to_body'
  actionpack (4.1.7) lib/action_controller/metal/renderers.rb:32:in `render_to_body'
  actionpack (4.1.7) lib/abstract_controller/rendering.rb:25:in `render'
  actionpack (4.1.7) lib/action_controller/metal/rendering.rb:16:in `render'
  actionpack (4.1.7) lib/action_controller/metal/instrumentation.rb:41:in `block (2 levels) in render'
  activesupport (4.1.7) lib/active_support/core_ext/benchmark.rb:12:in `block in ms'
  /home/luan/.rbenv/versions/2.1.4/lib/ruby/2.1.0/benchmark.rb:294:in `realtime'
  activesupport (4.1.7) lib/active_support/core_ext/benchmark.rb:12:in `ms'
  actionpack (4.1.7) lib/action_controller/metal/instrumentation.rb:41:in `block in render'
  actionpack (4.1.7) lib/action_controller/metal/instrumentation.rb:84:in `cleanup_view_runtime'
  activerecord (4.1.7) lib/active_record/railties/controller_runtime.rb:25:in `cleanup_view_runtime'
  actionpack (4.1.7) lib/action_controller/metal/instrumentation.rb:40:in `render'
  actionpack (4.1.7) lib/action_controller/metal/implicit_render.rb:10:in `default_render'
  actionpack (4.1.7) lib/action_controller/metal/implicit_render.rb:5:in `send_action'
  actionpack (4.1.7) lib/abstract_controller/base.rb:189:in `process_action'
  actionpack (4.1.7) lib/action_controller/metal/rendering.rb:10:in `process_action'
  actionpack (4.1.7) lib/abstract_controller/callbacks.rb:20:in `block in process_action'
  activesupport (4.1.7) lib/active_support/callbacks.rb:113:in `call'
  activesupport (4.1.7) lib/active_support/callbacks.rb:113:in `call'
  activesupport (4.1.7) lib/active_support/callbacks.rb:229:in `block in halting'
  activesupport (4.1.7) lib/active_support/callbacks.rb:229:in `call'
  activesupport (4.1.7) lib/active_support/callbacks.rb:229:in `block in halting'
  activesupport (4.1.7) lib/active_support/callbacks.rb:166:in `call'
  activesupport (4.1.7) lib/active_support/callbacks.rb:166:in `block in halting'
  activesupport (4.1.7) lib/active_support/callbacks.rb:166:in `call'
  activesupport (4.1.7) lib/active_support/callbacks.rb:166:in `block in halting'
  activesupport (4.1.7) lib/active_support/callbacks.rb:166:in `call'
  activesupport (4.1.7) lib/active_support/callbacks.rb:166:in `block in halting'
  activesupport (4.1.7) lib/active_support/callbacks.rb:86:in `call'
  activesupport (4.1.7) lib/active_support/callbacks.rb:86:in `run_callbacks'
  actionpack (4.1.7) lib/abstract_controller/callbacks.rb:19:in `process_action'
  actionpack (4.1.7) lib/action_controller/metal/rescue.rb:29:in `process_action'
  actionpack (4.1.7) lib/action_controller/metal/instrumentation.rb:31:in `block in process_action'
  activesupport (4.1.7) lib/active_support/notifications.rb:159:in `block in instrument'
  activesupport (4.1.7) lib/active_support/notifications/instrumenter.rb:20:in `instrument'
  activesupport (4.1.7) lib/active_support/notifications.rb:159:in `instrument'
  actionpack (4.1.7) lib/action_controller/metal/instrumentation.rb:30:in `process_action'
  actionpack (4.1.7) lib/action_controller/metal/params_wrapper.rb:250:in `process_action'
  activerecord (4.1.7) lib/active_record/railties/controller_runtime.rb:18:in `process_action'
  actionpack (4.1.7) lib/abstract_controller/base.rb:136:in `process'
  actionview (4.1.7) lib/action_view/rendering.rb:30:in `process'
  actionpack (4.1.7) lib/action_controller/metal.rb:196:in `dispatch'
  actionpack (4.1.7) lib/action_controller/metal/rack_delegation.rb:13:in `dispatch'
  actionpack (4.1.7) lib/action_controller/metal.rb:232:in `block in action'
  actionpack (4.1.7) lib/action_dispatch/routing/route_set.rb:82:in `call'
  actionpack (4.1.7) lib/action_dispatch/routing/route_set.rb:82:in `dispatch'
  actionpack (4.1.7) lib/action_dispatch/routing/route_set.rb:50:in `call'
  actionpack (4.1.7) lib/action_dispatch/journey/router.rb:73:in `block in call'
  actionpack (4.1.7) lib/action_dispatch/journey/router.rb:59:in `each'
  actionpack (4.1.7) lib/action_dispatch/journey/router.rb:59:in `call'
  actionpack (4.1.7) lib/action_dispatch/routing/route_set.rb:678:in `call'
  rack (1.5.2) lib/rack/etag.rb:23:in `call'
  rack (1.5.2) lib/rack/conditionalget.rb:25:in `call'
  rack (1.5.2) lib/rack/head.rb:11:in `call'
  actionpack (4.1.7) lib/action_dispatch/middleware/params_parser.rb:27:in `call'
  actionpack (4.1.7) lib/action_dispatch/middleware/flash.rb:254:in `call'
  rack (1.5.2) lib/rack/session/abstract/id.rb:225:in `context'
  rack (1.5.2) lib/rack/session/abstract/id.rb:220:in `call'
  actionpack (4.1.7) lib/action_dispatch/middleware/cookies.rb:560:in `call'
  activerecord (4.1.7) lib/active_record/query_cache.rb:36:in `call'
  activerecord (4.1.7) lib/active_record/connection_adapters/abstract/connection_pool.rb:621:in `call'
  activerecord (4.1.7) lib/active_record/migration.rb:380:in `call'
  actionpack (4.1.7) lib/action_dispatch/middleware/callbacks.rb:29:in `block in call'
  activesupport (4.1.7) lib/active_support/callbacks.rb:82:in `run_callbacks'
  actionpack (4.1.7) lib/action_dispatch/middleware/callbacks.rb:27:in `call'
  actionpack (4.1.7) lib/action_dispatch/middleware/reloader.rb:73:in `call'
  actionpack (4.1.7) lib/action_dispatch/middleware/remote_ip.rb:76:in `call'
  actionpack (4.1.7) lib/action_dispatch/middleware/debug_exceptions.rb:17:in `call'
  actionpack (4.1.7) lib/action_dispatch/middleware/show_exceptions.rb:30:in `call'
  railties (4.1.7) lib/rails/rack/logger.rb:38:in `call_app'
  railties (4.1.7) lib/rails/rack/logger.rb:20:in `block in call'
  activesupport (4.1.7) lib/active_support/tagged_logging.rb:68:in `block in tagged'
  activesupport (4.1.7) lib/active_support/tagged_logging.rb:26:in `tagged'
  activesupport (4.1.7) lib/active_support/tagged_logging.rb:68:in `tagged'
  railties (4.1.7) lib/rails/rack/logger.rb:20:in `call'
  actionpack (4.1.7) lib/action_dispatch/middleware/request_id.rb:21:in `call'
  rack (1.5.2) lib/rack/methodoverride.rb:21:in `call'
  rack (1.5.2) lib/rack/runtime.rb:17:in `call'
  activesupport (4.1.7) lib/active_support/cache/strategy/local_cache_middleware.rb:26:in `call'
  rack (1.5.2) lib/rack/lock.rb:17:in `call'
  actionpack (4.1.7) lib/action_dispatch/middleware/static.rb:84:in `call'
  rack (1.5.2) lib/rack/sendfile.rb:112:in `call'
  railties (4.1.7) lib/rails/engine.rb:514:in `call'
  railties (4.1.7) lib/rails/application.rb:144:in `call'
  rack (1.5.2) lib/rack/lock.rb:17:in `call'
  rack (1.5.2) lib/rack/content_length.rb:14:in `call'
  rack (1.5.2) lib/rack/handler/webrick.rb:60:in `service'
  /home/luan/.rbenv/versions/2.1.4/lib/ruby/2.1.0/webrick/httpserver.rb:138:in `service'
  /home/luan/.rbenv/versions/2.1.4/lib/ruby/2.1.0/webrick/httpserver.rb:94:in `run'
  /home/luan/.rbenv/versions/2.1.4/lib/ruby/2.1.0/webrick/server.rb:295:in `block in start_thread'


  Rendered /home/luan/.rbenv/versions/2.1.4/lib/ruby/gems/2.1.0/gems/actionpack-4.1.7/lib/action_dispatch/middleware/templates/rescues/missing_template.html.erb within rescues/layout (10.6ms)


Started GET "/users/new" for 127.0.0.1 at 2015-01-06 14:40:39 -0200
Processing by UsersController#new as HTML
  Rendered users/new.html.erb within layouts/application (0.3ms)
Completed 200 OK in 334ms (Views: 333.3ms | ActiveRecord: 0.0ms)


Started GET "/assets/rooms.css?body=1" for 127.0.0.1 at 2015-01-06 14:40:40 -0200


Started GET "/assets/rooms.js?body=1" for 127.0.0.1 at 2015-01-06 14:40:40 -0200


Started GET "/assets/turbolinks.js?body=1" for 127.0.0.1 at 2015-01-06 14:40:41 -0200


Started GET "/assets/application.css?body=1" for 127.0.0.1 at 2015-01-06 14:40:41 -0200


Started GET "/assets/scaffolds.css?body=1" for 127.0.0.1 at 2015-01-06 14:40:41 -0200


Started GET "/assets/application.js?body=1" for 127.0.0.1 at 2015-01-06 14:40:41 -0200


Started GET "/assets/jquery.js?body=1" for 127.0.0.1 at 2015-01-06 14:40:41 -0200


Started GET "/assets/jquery_ujs.js?body=1" for 127.0.0.1 at 2015-01-06 14:40:41 -0200


Started GET "/users/new" for 127.0.0.1 at 2015-01-06 14:52:02 -0200
Processing by UsersController#new as HTML
  Rendered users/new.html.erb within layouts/application (73.8ms)
Completed 200 OK in 118ms (Views: 101.6ms | ActiveRecord: 0.4ms)


Started GET "/assets/rooms.css?body=1" for 127.0.0.1 at 2015-01-06 14:52:02 -0200


Started GET "/assets/scaffolds.css?body=1" for 127.0.0.1 at 2015-01-06 14:52:02 -0200


Started GET "/assets/jquery.js?body=1" for 127.0.0.1 at 2015-01-06 14:52:02 -0200


Started GET "/assets/application.css?body=1" for 127.0.0.1 at 2015-01-06 14:52:02 -0200


Started GET "/assets/jquery_ujs.js?body=1" for 127.0.0.1 at 2015-01-06 14:52:02 -0200


Started GET "/assets/rooms.js?body=1" for 127.0.0.1 at 2015-01-06 14:52:02 -0200


Started GET "/assets/turbolinks.js?body=1" for 127.0.0.1 at 2015-01-06 14:52:02 -0200


Started GET "/assets/application.js?body=1" for 127.0.0.1 at 2015-01-06 14:52:02 -0200


Started POST "/users" for 127.0.0.1 at 2015-01-06 14:56:38 -0200

AbstractController::ActionNotFound (The action 'create' could not be found for UsersController):
  actionpack (4.1.7) lib/abstract_controller/base.rb:131:in `process'
  actionview (4.1.7) lib/action_view/rendering.rb:30:in `process'
  actionpack (4.1.7) lib/action_controller/metal.rb:196:in `dispatch'
  actionpack (4.1.7) lib/action_controller/metal/rack_delegation.rb:13:in `dispatch'
  actionpack (4.1.7) lib/action_controller/metal.rb:232:in `block in action'
  actionpack (4.1.7) lib/action_dispatch/routing/route_set.rb:82:in `call'
  actionpack (4.1.7) lib/action_dispatch/routing/route_set.rb:82:in `dispatch'
  actionpack (4.1.7) lib/action_dispatch/routing/route_set.rb:50:in `call'
  actionpack (4.1.7) lib/action_dispatch/journey/router.rb:73:in `block in call'
  actionpack (4.1.7) lib/action_dispatch/journey/router.rb:59:in `each'
  actionpack (4.1.7) lib/action_dispatch/journey/router.rb:59:in `call'
  actionpack (4.1.7) lib/action_dispatch/routing/route_set.rb:678:in `call'
  rack (1.5.2) lib/rack/etag.rb:23:in `call'
  rack (1.5.2) lib/rack/conditionalget.rb:35:in `call'
  rack (1.5.2) lib/rack/head.rb:11:in `call'
  actionpack (4.1.7) lib/action_dispatch/middleware/params_parser.rb:27:in `call'
  actionpack (4.1.7) lib/action_dispatch/middleware/flash.rb:254:in `call'
  rack (1.5.2) lib/rack/session/abstract/id.rb:225:in `context'
  rack (1.5.2) lib/rack/session/abstract/id.rb:220:in `call'
  actionpack (4.1.7) lib/action_dispatch/middleware/cookies.rb:560:in `call'
  activerecord (4.1.7) lib/active_record/query_cache.rb:36:in `call'
  activerecord (4.1.7) lib/active_record/connection_adapters/abstract/connection_pool.rb:621:in `call'
  activerecord (4.1.7) lib/active_record/migration.rb:380:in `call'
  actionpack (4.1.7) lib/action_dispatch/middleware/callbacks.rb:29:in `block in call'
  activesupport (4.1.7) lib/active_support/callbacks.rb:82:in `run_callbacks'
  actionpack (4.1.7) lib/action_dispatch/middleware/callbacks.rb:27:in `call'
  actionpack (4.1.7) lib/action_dispatch/middleware/reloader.rb:73:in `call'
  actionpack (4.1.7) lib/action_dispatch/middleware/remote_ip.rb:76:in `call'
  actionpack (4.1.7) lib/action_dispatch/middleware/debug_exceptions.rb:17:in `call'
  actionpack (4.1.7) lib/action_dispatch/middleware/show_exceptions.rb:30:in `call'
  railties (4.1.7) lib/rails/rack/logger.rb:38:in `call_app'
  railties (4.1.7) lib/rails/rack/logger.rb:20:in `block in call'
  activesupport (4.1.7) lib/active_support/tagged_logging.rb:68:in `block in tagged'
  activesupport (4.1.7) lib/active_support/tagged_logging.rb:26:in `tagged'
  activesupport (4.1.7) lib/active_support/tagged_logging.rb:68:in `tagged'
  railties (4.1.7) lib/rails/rack/logger.rb:20:in `call'
  actionpack (4.1.7) lib/action_dispatch/middleware/request_id.rb:21:in `call'
  rack (1.5.2) lib/rack/methodoverride.rb:21:in `call'
  rack (1.5.2) lib/rack/runtime.rb:17:in `call'
  activesupport (4.1.7) lib/active_support/cache/strategy/local_cache_middleware.rb:26:in `call'
  rack (1.5.2) lib/rack/lock.rb:17:in `call'
  actionpack (4.1.7) lib/action_dispatch/middleware/static.rb:84:in `call'
  rack (1.5.2) lib/rack/sendfile.rb:112:in `call'
  railties (4.1.7) lib/rails/engine.rb:514:in `call'
  railties (4.1.7) lib/rails/application.rb:144:in `call'
  rack (1.5.2) lib/rack/lock.rb:17:in `call'
  rack (1.5.2) lib/rack/content_length.rb:14:in `call'
  rack (1.5.2) lib/rack/handler/webrick.rb:60:in `service'
  /home/luan/.rbenv/versions/2.1.4/lib/ruby/2.1.0/webrick/httpserver.rb:138:in `service'
  /home/luan/.rbenv/versions/2.1.4/lib/ruby/2.1.0/webrick/httpserver.rb:94:in `run'
  /home/luan/.rbenv/versions/2.1.4/lib/ruby/2.1.0/webrick/server.rb:295:in `block in start_thread'


  Rendered /home/luan/.rbenv/versions/2.1.4/lib/ruby/gems/2.1.0/gems/actionpack-4.1.7/lib/action_dispatch/middleware/templates/rescues/unknown_action.html.erb within rescues/layout (0.3ms)


Started GET "/assets/rooms.js?body=1" for 127.0.0.1 at 2015-01-06 14:56:42 -0200


Started POST "/users" for 127.0.0.1 at 2015-01-06 15:13:10 -0200
Processing by UsersController#create as HTML
  Parameters: {"utf8"=>"✓", "authenticity_token"=>"N69B7NRXWjQ3NDw2Wt0CWVdstNnM8IEfzE1eDakvDJ8=", "user"=>{"full_name"=>"Luan Jodar", "location"=>"Porto Alegre", "email"=>"luan@jodar.com", "password"=>"[FILTERED]", "password_confirmation"=>"[FILTERED]", "bio"=>"Avenida Protásio Alvez - Porto Alegre"}, "commit"=>"Create User"}
Completed 500 Internal Server Error in 3ms

ActiveModel::ForbiddenAttributesError (ActiveModel::ForbiddenAttributesError):
  app/controllers/users_controller.rb:7:in `create'


  Rendered /home/luan/.rbenv/versions/2.1.4/lib/ruby/gems/2.1.0/gems/actionpack-4.1.7/lib/action_dispatch/middleware/templates/rescues/_source.erb (0.6ms)
  Rendered /home/luan/.rbenv/versions/2.1.4/lib/ruby/gems/2.1.0/gems/actionpack-4.1.7/lib/action_dispatch/middleware/templates/rescues/_trace.html.erb (1.0ms)
  Rendered /home/luan/.rbenv/versions/2.1.4/lib/ruby/gems/2.1.0/gems/actionpack-4.1.7/lib/action_dispatch/middleware/templates/rescues/_request_and_response.html.erb (1.2ms)
  Rendered /home/luan/.rbenv/versions/2.1.4/lib/ruby/gems/2.1.0/gems/actionpack-4.1.7/lib/action_dispatch/middleware/templates/rescues/diagnostics.erb within rescues/layout (259.1ms)


Started GET "/users" for 127.0.0.1 at 2015-01-06 15:22:21 -0200

AbstractController::ActionNotFound (The action 'index' could not be found for UsersController):
  actionpack (4.1.7) lib/abstract_controller/base.rb:131:in `process'
  actionview (4.1.7) lib/action_view/rendering.rb:30:in `process'
  actionpack (4.1.7) lib/action_controller/metal.rb:196:in `dispatch'
  actionpack (4.1.7) lib/action_controller/metal/rack_delegation.rb:13:in `dispatch'
  actionpack (4.1.7) lib/action_controller/metal.rb:232:in `block in action'
  actionpack (4.1.7) lib/action_dispatch/routing/route_set.rb:82:in `call'
  actionpack (4.1.7) lib/action_dispatch/routing/route_set.rb:82:in `dispatch'
  actionpack (4.1.7) lib/action_dispatch/routing/route_set.rb:50:in `call'
  actionpack (4.1.7) lib/action_dispatch/journey/router.rb:73:in `block in call'
  actionpack (4.1.7) lib/action_dispatch/journey/router.rb:59:in `each'
  actionpack (4.1.7) lib/action_dispatch/journey/router.rb:59:in `call'
  actionpack (4.1.7) lib/action_dispatch/routing/route_set.rb:678:in `call'
  rack (1.5.2) lib/rack/etag.rb:23:in `call'
  rack (1.5.2) lib/rack/conditionalget.rb:25:in `call'
  rack (1.5.2) lib/rack/head.rb:11:in `call'
  actionpack (4.1.7) lib/action_dispatch/middleware/params_parser.rb:27:in `call'
  actionpack (4.1.7) lib/action_dispatch/middleware/flash.rb:254:in `call'
  rack (1.5.2) lib/rack/session/abstract/id.rb:225:in `context'
  rack (1.5.2) lib/rack/session/abstract/id.rb:220:in `call'
  actionpack (4.1.7) lib/action_dispatch/middleware/cookies.rb:560:in `call'
  activerecord (4.1.7) lib/active_record/query_cache.rb:36:in `call'
  activerecord (4.1.7) lib/active_record/connection_adapters/abstract/connection_pool.rb:621:in `call'
  activerecord (4.1.7) lib/active_record/migration.rb:380:in `call'
  actionpack (4.1.7) lib/action_dispatch/middleware/callbacks.rb:29:in `block in call'
  activesupport (4.1.7) lib/active_support/callbacks.rb:82:in `run_callbacks'
  actionpack (4.1.7) lib/action_dispatch/middleware/callbacks.rb:27:in `call'
  actionpack (4.1.7) lib/action_dispatch/middleware/reloader.rb:73:in `call'
  actionpack (4.1.7) lib/action_dispatch/middleware/remote_ip.rb:76:in `call'
  actionpack (4.1.7) lib/action_dispatch/middleware/debug_exceptions.rb:17:in `call'
  actionpack (4.1.7) lib/action_dispatch/middleware/show_exceptions.rb:30:in `call'
  railties (4.1.7) lib/rails/rack/logger.rb:38:in `call_app'
  railties (4.1.7) lib/rails/rack/logger.rb:20:in `block in call'
  activesupport (4.1.7) lib/active_support/tagged_logging.rb:68:in `block in tagged'
  activesupport (4.1.7) lib/active_support/tagged_logging.rb:26:in `tagged'
  activesupport (4.1.7) lib/active_support/tagged_logging.rb:68:in `tagged'
  railties (4.1.7) lib/rails/rack/logger.rb:20:in `call'
  actionpack (4.1.7) lib/action_dispatch/middleware/request_id.rb:21:in `call'
  rack (1.5.2) lib/rack/methodoverride.rb:21:in `call'
  rack (1.5.2) lib/rack/runtime.rb:17:in `call'
  activesupport (4.1.7) lib/active_support/cache/strategy/local_cache_middleware.rb:26:in `call'
  rack (1.5.2) lib/rack/lock.rb:17:in `call'
  actionpack (4.1.7) lib/action_dispatch/middleware/static.rb:84:in `call'
  rack (1.5.2) lib/rack/sendfile.rb:112:in `call'
  railties (4.1.7) lib/rails/engine.rb:514:in `call'
  railties (4.1.7) lib/rails/application.rb:144:in `call'
  rack (1.5.2) lib/rack/lock.rb:17:in `call'
  rack (1.5.2) lib/rack/content_length.rb:14:in `call'
  rack (1.5.2) lib/rack/handler/webrick.rb:60:in `service'
  /home/luan/.rbenv/versions/2.1.4/lib/ruby/2.1.0/webrick/httpserver.rb:138:in `service'
  /home/luan/.rbenv/versions/2.1.4/lib/ruby/2.1.0/webrick/httpserver.rb:94:in `run'
  /home/luan/.rbenv/versions/2.1.4/lib/ruby/2.1.0/webrick/server.rb:295:in `block in start_thread'


  Rendered /home/luan/.rbenv/versions/2.1.4/lib/ruby/gems/2.1.0/gems/actionpack-4.1.7/lib/action_dispatch/middleware/templates/rescues/unknown_action.html.erb within rescues/layout (0.5ms)


Started GET "/users/new" for 127.0.0.1 at 2015-01-06 15:22:27 -0200
Processing by UsersController#new as HTML
  Rendered users/new.html.erb within layouts/application (121.9ms)
Completed 200 OK in 451ms (Views: 447.0ms | ActiveRecord: 0.7ms)


Started GET "/assets/rooms.css?body=1" for 127.0.0.1 at 2015-01-06 15:22:27 -0200


Started GET "/assets/jquery_ujs.js?body=1" for 127.0.0.1 at 2015-01-06 15:22:27 -0200


Started GET "/assets/scaffolds.css?body=1" for 127.0.0.1 at 2015-01-06 15:22:27 -0200


Started GET "/assets/application.css?body=1" for 127.0.0.1 at 2015-01-06 15:22:27 -0200


Started GET "/assets/jquery.js?body=1" for 127.0.0.1 at 2015-01-06 15:22:27 -0200


Started GET "/assets/turbolinks.js?body=1" for 127.0.0.1 at 2015-01-06 15:22:27 -0200


Started GET "/assets/application.js?body=1" for 127.0.0.1 at 2015-01-06 15:22:27 -0200


Started POST "/users" for 127.0.0.1 at 2015-01-06 15:23:25 -0200
Processing by UsersController#create as HTML
  Parameters: {"utf8"=>"✓", "authenticity_token"=>"N69B7NRXWjQ3NDw2Wt0CWVdstNnM8IEfzE1eDakvDJ8=", "user"=>{"full_name"=>"Luan Jodar da Silva", "location"=>"Pedro Osório", "email"=>"jodar.cobain@gmail.com", "password"=>"[FILTERED]", "password_confirmation"=>"[FILTERED]", "bio"=>"Apartamento da Avenida Protásio Alves - Porto Alegre/RS"}, "commit"=>"Create User"}
Completed 500 Internal Server Error in 1ms

ActiveModel::ForbiddenAttributesError (ActiveModel::ForbiddenAttributesError):
  app/controllers/users_controller.rb:7:in `create'


  Rendered /home/luan/.rbenv/versions/2.1.4/lib/ruby/gems/2.1.0/gems/actionpack-4.1.7/lib/action_dispatch/middleware/templates/rescues/_source.erb (0.5ms)
  Rendered /home/luan/.rbenv/versions/2.1.4/lib/ruby/gems/2.1.0/gems/actionpack-4.1.7/lib/action_dispatch/middleware/templates/rescues/_trace.html.erb (0.8ms)
  Rendered /home/luan/.rbenv/versions/2.1.4/lib/ruby/gems/2.1.0/gems/actionpack-4.1.7/lib/action_dispatch/middleware/templates/rescues/_request_and_response.html.erb (0.7ms)
  Rendered /home/luan/.rbenv/versions/2.1.4/lib/ruby/gems/2.1.0/gems/actionpack-4.1.7/lib/action_dispatch/middleware/templates/rescues/diagnostics.erb within rescues/layout (10.6ms)


Started GET "/users/new" for 127.0.0.1 at 2015-01-06 15:26:51 -0200
  [1m[36mActiveRecord::SchemaMigration Load (0.1ms)[0m  [1mSELECT "schema_migrations".* FROM "schema_migrations"[0m
Processing by UsersController#new as HTML
  Rendered users/new.html.erb within layouts/application (56.4ms)
Completed 200 OK in 139ms (Views: 128.7ms | ActiveRecord: 0.3ms)


Started GET "/assets/rooms.css?body=1" for 127.0.0.1 at 2015-01-06 15:26:51 -0200


Started GET "/assets/scaffolds.css?body=1" for 127.0.0.1 at 2015-01-06 15:26:51 -0200


Started GET "/assets/jquery.js?body=1" for 127.0.0.1 at 2015-01-06 15:26:51 -0200


Started GET "/assets/application.css?body=1" for 127.0.0.1 at 2015-01-06 15:26:51 -0200


Started GET "/assets/turbolinks.js?body=1" for 127.0.0.1 at 2015-01-06 15:26:51 -0200


Started GET "/assets/jquery_ujs.js?body=1" for 127.0.0.1 at 2015-01-06 15:26:51 -0200


Started GET "/assets/application.js?body=1" for 127.0.0.1 at 2015-01-06 15:26:51 -0200


Started POST "/users" for 127.0.0.1 at 2015-01-06 15:27:28 -0200
Processing by UsersController#create as HTML
  Parameters: {"utf8"=>"✓", "authenticity_token"=>"N69B7NRXWjQ3NDw2Wt0CWVdstNnM8IEfzE1eDakvDJ8=", "user"=>{"full_name"=>"Luan Jodar da Silva", "location"=>"Pedro Osório", "email"=>"jodar.cobain@gmail.com", "password"=>"[FILTERED]", "password_confirmation"=>"[FILTERED]", "bio"=>"Avenida Protásio Alves, Porto Alegre/RS"}, "commit"=>"Create User"}
Completed 500 Internal Server Error in 1ms

ActiveModel::ForbiddenAttributesError (ActiveModel::ForbiddenAttributesError):
  app/controllers/users_controller.rb:7:in `create'


  Rendered /home/luan/.rbenv/versions/2.1.4/lib/ruby/gems/2.1.0/gems/actionpack-4.1.7/lib/action_dispatch/middleware/templates/rescues/_source.erb (0.8ms)
  Rendered /home/luan/.rbenv/versions/2.1.4/lib/ruby/gems/2.1.0/gems/actionpack-4.1.7/lib/action_dispatch/middleware/templates/rescues/_trace.html.erb (1.1ms)
  Rendered /home/luan/.rbenv/versions/2.1.4/lib/ruby/gems/2.1.0/gems/actionpack-4.1.7/lib/action_dispatch/middleware/templates/rescues/_request_and_response.html.erb (0.8ms)
  Rendered /home/luan/.rbenv/versions/2.1.4/lib/ruby/gems/2.1.0/gems/actionpack-4.1.7/lib/action_dispatch/middleware/templates/rescues/diagnostics.erb within rescues/layout (12.7ms)


Started POST "/users" for 127.0.0.1 at 2015-01-06 15:29:02 -0200
Processing by UsersController#create as HTML
  Parameters: {"utf8"=>"✓", "authenticity_token"=>"N69B7NRXWjQ3NDw2Wt0CWVdstNnM8IEfzE1eDakvDJ8=", "user"=>{"full_name"=>"Luan Jodar da Silva", "location"=>"Pedro Osório", "email"=>"jodar.cobain@gmail.com", "password"=>"[FILTERED]", "password_confirmation"=>"[FILTERED]", "bio"=>"Avenida Protásio Alves, Porto Alegre/RS"}, "commit"=>"Create User"}
Completed 500 Internal Server Error in 4ms

NameError (undefined local variable or method `user_params' for #<UsersController:0x007fd912655958>):
  app/controllers/users_controller.rb:7:in `create'


  Rendered /home/luan/.rbenv/versions/2.1.4/lib/ruby/gems/2.1.0/gems/actionpack-4.1.7/lib/action_dispatch/middleware/templates/rescues/_source.erb (0.5ms)
  Rendered /home/luan/.rbenv/versions/2.1.4/lib/ruby/gems/2.1.0/gems/actionpack-4.1.7/lib/action_dispatch/middleware/templates/rescues/_trace.html.erb (2.2ms)
  Rendered /home/luan/.rbenv/versions/2.1.4/lib/ruby/gems/2.1.0/gems/actionpack-4.1.7/lib/action_dispatch/middleware/templates/rescues/_request_and_response.html.erb (1.1ms)
  Rendered /home/luan/.rbenv/versions/2.1.4/lib/ruby/gems/2.1.0/gems/actionpack-4.1.7/lib/action_dispatch/middleware/templates/rescues/diagnostics.erb within rescues/layout (17.6ms)


Started POST "/users" for 127.0.0.1 at 2015-01-06 15:32:46 -0200
Processing by UsersController#create as HTML
  Parameters: {"utf8"=>"✓", "authenticity_token"=>"N69B7NRXWjQ3NDw2Wt0CWVdstNnM8IEfzE1eDakvDJ8=", "user"=>{"full_name"=>"Luan Jodar da Silva", "location"=>"Pedro Osório", "email"=>"jodar.cobain@gmail.com", "password"=>"[FILTERED]", "password_confirmation"=>"[FILTERED]", "bio"=>"Avenida Protásio Alves, Porto Alegre/RS"}, "commit"=>"Create User"}
Completed 500 Internal Server Error in 3ms

ActiveModel::ForbiddenAttributesError (ActiveModel::ForbiddenAttributesError):
  app/controllers/users_controller.rb:7:in `create'


  Rendered /home/luan/.rbenv/versions/2.1.4/lib/ruby/gems/2.1.0/gems/actionpack-4.1.7/lib/action_dispatch/middleware/templates/rescues/_source.erb (0.5ms)
  Rendered /home/luan/.rbenv/versions/2.1.4/lib/ruby/gems/2.1.0/gems/actionpack-4.1.7/lib/action_dispatch/middleware/templates/rescues/_trace.html.erb (0.9ms)
  Rendered /home/luan/.rbenv/versions/2.1.4/lib/ruby/gems/2.1.0/gems/actionpack-4.1.7/lib/action_dispatch/middleware/templates/rescues/_request_and_response.html.erb (2.8ms)
  Rendered /home/luan/.rbenv/versions/2.1.4/lib/ruby/gems/2.1.0/gems/actionpack-4.1.7/lib/action_dispatch/middleware/templates/rescues/diagnostics.erb within rescues/layout (14.2ms)


Started POST "/users" for 127.0.0.1 at 2015-01-06 15:49:14 -0200

SyntaxError (/home/luan/www/conchonet/app/controllers/users_controller.rb:22: syntax error, unexpected tSYMBEG, expecting ')'
						 :password_confirmation, :bio)
						  ^):
  app/controllers/users_controller.rb:22: syntax error, unexpected tSYMBEG, expecting ')'


  Rendered /home/luan/.rbenv/versions/2.1.4/lib/ruby/gems/2.1.0/gems/actionpack-4.1.7/lib/action_dispatch/middleware/templates/rescues/_source.erb (1.7ms)
  Rendered /home/luan/.rbenv/versions/2.1.4/lib/ruby/gems/2.1.0/gems/actionpack-4.1.7/lib/action_dispatch/middleware/templates/rescues/_trace.html.erb (1.0ms)
  Rendered /home/luan/.rbenv/versions/2.1.4/lib/ruby/gems/2.1.0/gems/actionpack-4.1.7/lib/action_dispatch/middleware/templates/rescues/_request_and_response.html.erb (1.0ms)
  Rendered /home/luan/.rbenv/versions/2.1.4/lib/ruby/gems/2.1.0/gems/actionpack-4.1.7/lib/action_dispatch/middleware/templates/rescues/diagnostics.erb within rescues/layout (15.7ms)


Started POST "/users" for 127.0.0.1 at 2015-01-06 15:49:53 -0200
Processing by UsersController#create as HTML
  Parameters: {"utf8"=>"✓", "authenticity_token"=>"N69B7NRXWjQ3NDw2Wt0CWVdstNnM8IEfzE1eDakvDJ8=", "user"=>{"full_name"=>"Luan Jodar da Silva", "location"=>"Pedro Osório", "email"=>"jodar.cobain@gmail.com", "password"=>"[FILTERED]", "password_confirmation"=>"[FILTERED]", "bio"=>"Avenida Protásio Alves, Porto Alegre/RS"}, "commit"=>"Create User"}
  [1m[35m (0.2ms)[0m  begin transaction
  [1m[36mUser Exists (0.1ms)[0m  [1mSELECT  1 AS one FROM "users"  WHERE "users"."email" = 'jodar.cobain@gmail.com' LIMIT 1[0m
  [1m[35mSQL (0.3ms)[0m  INSERT INTO "users" ("bio", "created_at", "email", "full_name", "location", "password", "updated_at") VALUES (?, ?, ?, ?, ?, ?, ?)  [["bio", "Avenida Protásio Alves, Porto Alegre/RS"], ["created_at", "2015-01-06 17:49:53.631491"], ["email", "jodar.cobain@gmail.com"], ["full_name", "Luan Jodar da Silva"], ["location", "Pedro Osório"], ["password", "senha5"], ["updated_at", "2015-01-06 17:49:53.631491"]]
  [1m[36m (226.5ms)[0m  [1mcommit transaction[0m
Redirected to http://0.0.0.0:3000/users/3
Completed 302 Found in 361ms (ActiveRecord: 227.5ms)


Started GET "/users/3" for 127.0.0.1 at 2015-01-06 15:49:53 -0200

AbstractController::ActionNotFound (The action 'show' could not be found for UsersController):
  actionpack (4.1.7) lib/abstract_controller/base.rb:131:in `process'
  actionview (4.1.7) lib/action_view/rendering.rb:30:in `process'
  actionpack (4.1.7) lib/action_controller/metal.rb:196:in `dispatch'
  actionpack (4.1.7) lib/action_controller/metal/rack_delegation.rb:13:in `dispatch'
  actionpack (4.1.7) lib/action_controller/metal.rb:232:in `block in action'
  actionpack (4.1.7) lib/action_dispatch/routing/route_set.rb:82:in `call'
  actionpack (4.1.7) lib/action_dispatch/routing/route_set.rb:82:in `dispatch'
  actionpack (4.1.7) lib/action_dispatch/routing/route_set.rb:50:in `call'
  actionpack (4.1.7) lib/action_dispatch/journey/router.rb:73:in `block in call'
  actionpack (4.1.7) lib/action_dispatch/journey/router.rb:59:in `each'
  actionpack (4.1.7) lib/action_dispatch/journey/router.rb:59:in `call'
  actionpack (4.1.7) lib/action_dispatch/routing/route_set.rb:678:in `call'
  rack (1.5.2) lib/rack/etag.rb:23:in `call'
  rack (1.5.2) lib/rack/conditionalget.rb:25:in `call'
  rack (1.5.2) lib/rack/head.rb:11:in `call'
  actionpack (4.1.7) lib/action_dispatch/middleware/params_parser.rb:27:in `call'
  actionpack (4.1.7) lib/action_dispatch/middleware/flash.rb:254:in `call'
  rack (1.5.2) lib/rack/session/abstract/id.rb:225:in `context'
  rack (1.5.2) lib/rack/session/abstract/id.rb:220:in `call'
  actionpack (4.1.7) lib/action_dispatch/middleware/cookies.rb:560:in `call'
  activerecord (4.1.7) lib/active_record/query_cache.rb:36:in `call'
  activerecord (4.1.7) lib/active_record/connection_adapters/abstract/connection_pool.rb:621:in `call'
  activerecord (4.1.7) lib/active_record/migration.rb:380:in `call'
  actionpack (4.1.7) lib/action_dispatch/middleware/callbacks.rb:29:in `block in call'
  activesupport (4.1.7) lib/active_support/callbacks.rb:82:in `run_callbacks'
  actionpack (4.1.7) lib/action_dispatch/middleware/callbacks.rb:27:in `call'
  actionpack (4.1.7) lib/action_dispatch/middleware/reloader.rb:73:in `call'
  actionpack (4.1.7) lib/action_dispatch/middleware/remote_ip.rb:76:in `call'
  actionpack (4.1.7) lib/action_dispatch/middleware/debug_exceptions.rb:17:in `call'
  actionpack (4.1.7) lib/action_dispatch/middleware/show_exceptions.rb:30:in `call'
  railties (4.1.7) lib/rails/rack/logger.rb:38:in `call_app'
  railties (4.1.7) lib/rails/rack/logger.rb:20:in `block in call'
  activesupport (4.1.7) lib/active_support/tagged_logging.rb:68:in `block in tagged'
  activesupport (4.1.7) lib/active_support/tagged_logging.rb:26:in `tagged'
  activesupport (4.1.7) lib/active_support/tagged_logging.rb:68:in `tagged'
  railties (4.1.7) lib/rails/rack/logger.rb:20:in `call'
  actionpack (4.1.7) lib/action_dispatch/middleware/request_id.rb:21:in `call'
  rack (1.5.2) lib/rack/methodoverride.rb:21:in `call'
  rack (1.5.2) lib/rack/runtime.rb:17:in `call'
  activesupport (4.1.7) lib/active_support/cache/strategy/local_cache_middleware.rb:26:in `call'
  rack (1.5.2) lib/rack/lock.rb:17:in `call'
  actionpack (4.1.7) lib/action_dispatch/middleware/static.rb:84:in `call'
  rack (1.5.2) lib/rack/sendfile.rb:112:in `call'
  railties (4.1.7) lib/rails/engine.rb:514:in `call'
  railties (4.1.7) lib/rails/application.rb:144:in `call'
  rack (1.5.2) lib/rack/lock.rb:17:in `call'
  rack (1.5.2) lib/rack/content_length.rb:14:in `call'
  rack (1.5.2) lib/rack/handler/webrick.rb:60:in `service'
  /home/luan/.rbenv/versions/2.1.4/lib/ruby/2.1.0/webrick/httpserver.rb:138:in `service'
  /home/luan/.rbenv/versions/2.1.4/lib/ruby/2.1.0/webrick/httpserver.rb:94:in `run'
  /home/luan/.rbenv/versions/2.1.4/lib/ruby/2.1.0/webrick/server.rb:295:in `block in start_thread'


  Rendered /home/luan/.rbenv/versions/2.1.4/lib/ruby/gems/2.1.0/gems/actionpack-4.1.7/lib/action_dispatch/middleware/templates/rescues/unknown_action.html.erb within rescues/layout (0.4ms)
  [1m[36mUser Load (0.2ms)[0m  [1mSELECT  "users".* FROM "users"   ORDER BY "users"."id" DESC LIMIT 1[0m


Started GET "/rails/info/routes" for 127.0.0.1 at 2015-01-06 15:59:39 -0200
  [1m[36mActiveRecord::SchemaMigration Load (0.1ms)[0m  [1mSELECT "schema_migrations".* FROM "schema_migrations"[0m
Processing by Rails::InfoController#routes as HTML
  Rendered /home/luan/.rbenv/versions/2.1.4/lib/ruby/gems/2.1.0/gems/actionpack-4.1.7/lib/action_dispatch/middleware/templates/routes/_route.html.erb (1.3ms)
  Rendered /home/luan/.rbenv/versions/2.1.4/lib/ruby/gems/2.1.0/gems/actionpack-4.1.7/lib/action_dispatch/middleware/templates/routes/_table.html.erb (8.9ms)
  Rendered /home/luan/.rbenv/versions/2.1.4/lib/ruby/gems/2.1.0/gems/railties-4.1.7/lib/rails/templates/rails/info/routes.html.erb within layouts/application (30.6ms)
Completed 200 OK in 45ms (Views: 37.8ms | ActiveRecord: 0.0ms)


Started GET "/rails/info/routes" for 127.0.0.1 at 2015-01-06 15:59:43 -0200
Processing by Rails::InfoController#routes as HTML
  Rendered /home/luan/.rbenv/versions/2.1.4/lib/ruby/gems/2.1.0/gems/actionpack-4.1.7/lib/action_dispatch/middleware/templates/routes/_route.html.erb (5.3ms)
  Rendered /home/luan/.rbenv/versions/2.1.4/lib/ruby/gems/2.1.0/gems/actionpack-4.1.7/lib/action_dispatch/middleware/templates/routes/_table.html.erb (0.4ms)
  Rendered /home/luan/.rbenv/versions/2.1.4/lib/ruby/gems/2.1.0/gems/railties-4.1.7/lib/rails/templates/rails/info/routes.html.erb within layouts/application (10.8ms)
Completed 200 OK in 13ms (Views: 12.6ms | ActiveRecord: 0.0ms)


Started GET "/users/3" for 127.0.0.1 at 2015-01-06 16:07:58 -0200
Processing by UsersController#show as HTML
  Parameters: {"id"=>"3"}
  [1m[35mUser Load (0.2ms)[0m  SELECT  "users".* FROM "users"  WHERE "users"."id" = ? LIMIT 1  [["id", 3]]
  Rendered users/show.html.erb within layouts/application (0.6ms)
Completed 200 OK in 49ms (Views: 42.1ms | ActiveRecord: 0.6ms)


Started GET "/assets/rooms.css?body=1" for 127.0.0.1 at 2015-01-06 16:07:58 -0200


Started GET "/assets/scaffolds.css?body=1" for 127.0.0.1 at 2015-01-06 16:07:58 -0200


Started GET "/assets/application.css?body=1" for 127.0.0.1 at 2015-01-06 16:07:59 -0200


Started GET "/assets/jquery.js?body=1" for 127.0.0.1 at 2015-01-06 16:07:59 -0200


Started GET "/assets/jquery_ujs.js?body=1" for 127.0.0.1 at 2015-01-06 16:07:59 -0200


Started GET "/assets/rooms.js?body=1" for 127.0.0.1 at 2015-01-06 16:07:59 -0200


Started GET "/assets/turbolinks.js?body=1" for 127.0.0.1 at 2015-01-06 16:07:59 -0200


Started GET "/assets/application.js?body=1" for 127.0.0.1 at 2015-01-06 16:07:59 -0200
